  Source.cpp
D:\LYON 2\M2\SyntheseM2\TP2RayTracing\TP2RayTracing\Source.cpp(80,10): warning C4244: 'initializing': conversion from 'double' to 'float', possible loss of data
D:\LYON 2\M2\SyntheseM2\TP2RayTracing\TP2RayTracing\Source.cpp(84,18): warning C4244: 'initializing': conversion from 'double' to 'float', possible loss of data
D:\LYON 2\M2\SyntheseM2\TP2RayTracing\TP2RayTracing\Source.cpp(115,36): warning C4244: 'argument': conversion from 'float' to 'const unsigned __int64', possible loss of data
D:\LYON 2\M2\SyntheseM2\TP2RayTracing\TP2RayTracing\Source.cpp(117,36): warning C4244: 'argument': conversion from 'float' to 'const unsigned __int64', possible loss of data
D:\LYON 2\M2\SyntheseM2\TP2RayTracing\TP2RayTracing\Source.cpp(119,36): warning C4244: 'argument': conversion from 'float' to 'const unsigned __int64', possible loss of data
D:\LYON 2\M2\SyntheseM2\TP2RayTracing\TP2RayTracing\Source.cpp(121,36): warning C4244: 'argument': conversion from 'float' to 'const unsigned __int64', possible loss of data
D:\LYON 2\M2\SyntheseM2\TP2RayTracing\TP2RayTracing\Source.cpp(126,36): warning C4244: 'argument': conversion from 'float' to 'const unsigned __int64', possible loss of data
D:\LYON 2\M2\SyntheseM2\TP2RayTracing\TP2RayTracing\Source.cpp(128,36): warning C4244: 'argument': conversion from 'float' to 'const unsigned __int64', possible loss of data
D:\LYON 2\M2\SyntheseM2\TP2RayTracing\TP2RayTracing\Source.cpp(130,36): warning C4244: 'argument': conversion from 'float' to 'const unsigned __int64', possible loss of data
D:\LYON 2\M2\SyntheseM2\TP2RayTracing\TP2RayTracing\Source.cpp(132,36): warning C4244: 'argument': conversion from 'float' to 'const unsigned __int64', possible loss of data
D:\LYON 2\M2\SyntheseM2\TP2RayTracing\TP2RayTracing\Source.cpp(148,53): warning C4244: 'argument': conversion from 'double' to 'float', possible loss of data
D:\LYON 2\M2\SyntheseM2\TP2RayTracing\TP2RayTracing\Source.cpp(241,26): warning C4305: 'initializing': truncation from 'double' to 'float'
D:\LYON 2\M2\SyntheseM2\TP2RayTracing\TP2RayTracing\Source.cpp(256,26): warning C4244: 'argument': conversion from 'unsigned int' to 'float', possible loss of data
D:\LYON 2\M2\SyntheseM2\TP2RayTracing\TP2RayTracing\Source.cpp(260,26): warning C4244: 'argument': conversion from 'unsigned int' to 'float', possible loss of data
D:\LYON 2\M2\SyntheseM2\TP2RayTracing\TP2RayTracing\Source.cpp(265,25): warning C4244: 'argument': conversion from 'unsigned int' to 'float', possible loss of data
D:\LYON 2\M2\SyntheseM2\TP2RayTracing\TP2RayTracing\Source.cpp(270,24): warning C4244: 'argument': conversion from 'unsigned int' to 'float', possible loss of data
D:\LYON 2\M2\SyntheseM2\TP2RayTracing\TP2RayTracing\Source.cpp(291,26): warning C4305: 'initializing': truncation from 'double' to 'float'
D:\LYON 2\M2\SyntheseM2\TP2RayTracing\TP2RayTracing\Source.cpp(309,27): warning C4244: 'argument': conversion from 'unsigned int' to 'float', possible loss of data
D:\LYON 2\M2\SyntheseM2\TP2RayTracing\TP2RayTracing\Source.cpp(313,27): warning C4244: 'argument': conversion from 'unsigned int' to 'float', possible loss of data
D:\LYON 2\M2\SyntheseM2\TP2RayTracing\TP2RayTracing\Source.cpp(319,26): warning C4244: 'argument': conversion from 'unsigned int' to 'float', possible loss of data
D:\LYON 2\M2\SyntheseM2\TP2RayTracing\TP2RayTracing\Source.cpp(334,24): warning C4244: 'argument': conversion from 'unsigned int' to 'float', possible loss of data
D:\LYON 2\M2\SyntheseM2\TP2RayTracing\TP2RayTracing\Source.cpp(348,25): warning C4305: 'initializing': truncation from 'double' to 'float'
D:\LYON 2\M2\SyntheseM2\TP2RayTracing\TP2RayTracing\Source.cpp(524,31): warning C4244: 'argument': conversion from 'unsigned int' to 'float', possible loss of data
D:\LYON 2\M2\SyntheseM2\TP2RayTracing\TP2RayTracing\Source.cpp(524,28): warning C4244: 'argument': conversion from 'unsigned int' to 'float', possible loss of data
D:\LYON 2\M2\SyntheseM2\TP2RayTracing\TP2RayTracing\Source.cpp(527,37): warning C4244: 'argument': conversion from 'unsigned int' to 'float', possible loss of data
D:\LYON 2\M2\SyntheseM2\TP2RayTracing\TP2RayTracing\Source.cpp(527,30): warning C4244: 'argument': conversion from 'unsigned int' to 'float', possible loss of data
D:\LYON 2\M2\SyntheseM2\TP2RayTracing\TP2RayTracing\Source.cpp(527,27): warning C4244: 'argument': conversion from 'unsigned int' to 'float', possible loss of data
  TP2RayTracing.vcxproj -> D:\LYON 2\M2\SyntheseM2\TP2RayTracing\x64\Debug\TP2RayTracing.exe
