  Source.cpp
D:\M2\SyntheseM2\TP2RayTracing\TP2RayTracing\Source.cpp(18,59): warning C4305: 'argument': truncation from 'double' to '_Ty'
          with
          [
              _Ty=float
          ]
D:\M2\SyntheseM2\TP2RayTracing\TP2RayTracing\Source.cpp(32,13): warning C4244: 'initializing': conversion from 'double' to 'float', possible loss of data
D:\M2\SyntheseM2\TP2RayTracing\TP2RayTracing\Source.cpp(36,24): warning C4244: 'initializing': conversion from 'double' to 'float', possible loss of data
D:\M2\SyntheseM2\TP2RayTracing\TP2RayTracing\Source.cpp(48,43): warning C4244: 'argument': conversion from 'float' to 'const unsigned int', possible loss of data
D:\M2\SyntheseM2\TP2RayTracing\TP2RayTracing\Source.cpp(48,96): warning C4244: 'argument': conversion from 'float' to 'const unsigned int', possible loss of data
D:\M2\SyntheseM2\TP2RayTracing\TP2RayTracing\Source.cpp(49,45): warning C4244: 'argument': conversion from 'float' to 'const unsigned int', possible loss of data
D:\M2\SyntheseM2\TP2RayTracing\TP2RayTracing\Source.cpp(49,54): warning C4244: '+=': conversion from 'float' to '_Ty', possible loss of data
          with
          [
              _Ty=unsigned char
          ]
D:\M2\SyntheseM2\TP2RayTracing\TP2RayTracing\Source.cpp(51,43): warning C4244: 'argument': conversion from 'float' to 'const unsigned int', possible loss of data
D:\M2\SyntheseM2\TP2RayTracing\TP2RayTracing\Source.cpp(51,95): warning C4244: 'argument': conversion from 'float' to 'const unsigned int', possible loss of data
D:\M2\SyntheseM2\TP2RayTracing\TP2RayTracing\Source.cpp(52,47): warning C4244: 'argument': conversion from 'float' to 'const unsigned int', possible loss of data
D:\M2\SyntheseM2\TP2RayTracing\TP2RayTracing\Source.cpp(52,56): warning C4244: '+=': conversion from 'float' to '_Ty', possible loss of data
          with
          [
              _Ty=unsigned char
          ]
D:\M2\SyntheseM2\TP2RayTracing\TP2RayTracing\Source.cpp(54,43): warning C4244: 'argument': conversion from 'float' to 'const unsigned int', possible loss of data
D:\M2\SyntheseM2\TP2RayTracing\TP2RayTracing\Source.cpp(54,94): warning C4244: 'argument': conversion from 'float' to 'const unsigned int', possible loss of data
D:\M2\SyntheseM2\TP2RayTracing\TP2RayTracing\Source.cpp(55,46): warning C4244: 'argument': conversion from 'float' to 'const unsigned int', possible loss of data
D:\M2\SyntheseM2\TP2RayTracing\TP2RayTracing\Source.cpp(55,55): warning C4244: '+=': conversion from 'float' to '_Ty', possible loss of data
          with
          [
              _Ty=unsigned char
          ]
D:\M2\SyntheseM2\TP2RayTracing\TP2RayTracing\Source.cpp(58,38): warning C4244: 'argument': conversion from 'float' to 'const unsigned int', possible loss of data
D:\M2\SyntheseM2\TP2RayTracing\TP2RayTracing\Source.cpp(58,45): warning C4244: '=': conversion from 'float' to '_Ty', possible loss of data
          with
          [
              _Ty=unsigned char
          ]
D:\M2\SyntheseM2\TP2RayTracing\TP2RayTracing\Source.cpp(75,56): warning C4244: 'argument': conversion from 'double' to 'float', possible loss of data
D:\M2\SyntheseM2\TP2RayTracing\TP2RayTracing\Source.cpp(82,23): warning C4018: '<': signed/unsigned mismatch
D:\M2\SyntheseM2\TP2RayTracing\TP2RayTracing\Source.cpp(103,23): warning C4018: '<': signed/unsigned mismatch
D:\M2\SyntheseM2\TP2RayTracing\TP2RayTracing\Source.cpp(116,35): warning C4305: 'initializing': truncation from 'double' to 'float'
D:\M2\SyntheseM2\TP2RayTracing\TP2RayTracing\Source.cpp(133,61): warning C4244: 'argument': conversion from 'int' to 'float', possible loss of data
D:\M2\SyntheseM2\TP2RayTracing\TP2RayTracing\Source.cpp(134,45): warning C4244: 'argument': conversion from 'unsigned int' to 'float', possible loss of data
D:\M2\SyntheseM2\TP2RayTracing\TP2RayTracing\Source.cpp(138,45): warning C4244: 'argument': conversion from 'unsigned int' to 'float', possible loss of data
D:\M2\SyntheseM2\TP2RayTracing\TP2RayTracing\Source.cpp(144,57): warning C4244: 'argument': conversion from 'int' to 'float', possible loss of data
D:\M2\SyntheseM2\TP2RayTracing\TP2RayTracing\Source.cpp(145,41): warning C4244: 'argument': conversion from 'unsigned int' to 'float', possible loss of data
D:\M2\SyntheseM2\TP2RayTracing\TP2RayTracing\Source.cpp(162,33): warning C4244: 'argument': conversion from 'unsigned int' to 'float', possible loss of data
D:\M2\SyntheseM2\TP2RayTracing\TP2RayTracing\Source.cpp(204,34): warning C4018: '<': signed/unsigned mismatch
D:\M2\SyntheseM2\TP2RayTracing\TP2RayTracing\Source.cpp(206,43): warning C4244: 'argument': conversion from 'unsigned int' to 'float', possible loss of data
D:\M2\SyntheseM2\TP2RayTracing\TP2RayTracing\Source.cpp(206,40): warning C4244: 'argument': conversion from 'unsigned int' to 'float', possible loss of data
D:\M2\SyntheseM2\TP2RayTracing\TP2RayTracing\Source.cpp(207,111): warning C4244: 'argument': conversion from 'unsigned int' to 'float', possible loss of data
D:\M2\SyntheseM2\TP2RayTracing\TP2RayTracing\Source.cpp(207,108): warning C4244: 'argument': conversion from 'unsigned int' to 'float', possible loss of data
  TP2RayTracing.vcxproj -> D:\M2\SyntheseM2\TP2RayTracing\Debug\TP2RayTracing.exe
